<?xml version="1.0" encoding="UTF-8"?>
<!-- Generated by org.testng.reporters.JUnitReportReporter -->
<testsuite hostname="Shrestha" failures="0" tests="2" name="TestFirst" time="0.021" errors="0" timestamp="2022-09-10T18:02:49 EDT" skipped="0">
  <testcase classname="TestFirst" name="Test" time="0.018"/>
  <system-out/>
  <testcase classname="TestFirst" name="test1" time="0.003"/>
  <system-out/>
</testsuite> <!-- TestFirst -->
