<?xml version="1.0" encoding="UTF-8"?>
<!-- Generated by org.testng.reporters.JUnitReportReporter -->
<testsuite hostname="Shrestha" failures="0" tests="1" name="Demo" time="0.017" errors="0" timestamp="2022-09-10T18:02:40 EDT" skipped="0">
  <testcase classname="Demo" name="test" time="0.017"/>
  <system-out/>
</testsuite> <!-- Demo -->
