<?xml version="1.0" encoding="UTF-8"?>
<!-- Generated by org.testng.reporters.JUnitReportReporter -->
<testsuite hostname="Shrestha" failures="0" tests="1" name="com.automation.SecondTest" time="0.007" errors="0" timestamp="2022-09-10T18:39:22 EDT" skipped="0">
  <testcase classname="com.automation.SecondTest" name="two" time="0.007"/>
  <system-out/>
</testsuite> <!-- com.automation.SecondTest -->
