<?xml version="1.0" encoding="UTF-8"?>
<!-- Generated by org.testng.reporters.JUnitReportReporter -->
<testsuite hostname="Shrestha" failures="0" tests="1" name="com.automation.Demo" time="0.032" errors="0" timestamp="2022-09-10T18:39:22 EDT" skipped="0">
  <testcase classname="com.automation.Demo" name="test" time="0.032"/>
  <system-out/>
</testsuite> <!-- com.automation.Demo -->
