<?xml version="1.0" encoding="UTF-8"?>
<!-- Generated by org.testng.reporters.JUnitReportReporter -->
<testsuite hostname="Shrestha" failures="0" tests="3" name="com.automation.TestFirst" time="0.016" errors="0" timestamp="2022-09-13T20:47:56 EDT" skipped="0">
  <testcase classname="com.automation.TestFirst" name="Test2" time="0.002"/>
  <system-out/>
  <testcase classname="com.automation.TestFirst" name="Test1" time="0.012"/>
  <system-out/>
  <testcase classname="com.automation.TestFirst" name="Test3" time="0.002"/>
  <system-out/>
</testsuite> <!-- com.automation.TestFirst -->
